# JRE version: Java(TM) SE Runtime Environment (8.0_241-b07) (build 1.8.0_241-b07)
# Java VM: Java HotSpot(TM) 64-Bit Server VM (25.241-b07 mixed mode windows-amd64 compressed oops)
Heap:
 PSYoungGen      total 518144K, used 295120K [0x00000000d5f80000, 0x0000000100000000, 0x0000000100000000)
  eden space 347136K, 85% used [0x00000000d5f80000,0x00000000e7fb4278,0x00000000eb280000)
  from space 171008K, 0% used [0x00000000f5900000,0x00000000f5900000,0x0000000100000000)
  to   space 170496K, 0% used [0x00000000eb280000,0x00000000eb280000,0x00000000f5900000)
 ParOldGen       total 1377792K, used 1377354K [0x0000000081e00000, 0x00000000d5f80000, 0x00000000d5f80000)
  object space 1377792K, 99% used [0x0000000081e00000,0x00000000d5f12850,0x00000000d5f80000)
 Metaspace       used 79491K, capacity 82814K, committed 83416K, reserved 1122304K
  class space    used 10303K, capacity 10846K, committed 11008K, reserved 1048576K
GC Heap History (10 events):
Event: 645.286 GC heap before
{Heap before GC invocations=198 (full 28):
 PSYoungGen      total 518144K, used 347135K [0x00000000d5f80000, 0x0000000100000000, 0x0000000100000000)
  eden space 347136K, 99% used [0x00000000d5f80000,0x00000000eb27fd98,0x00000000eb280000)
  from space 171008K, 0% used [0x00000000f5900000,0x00000000f5900000,0x0000000100000000)
  to   space 170496K, 0% used [0x00000000eb280000,0x00000000eb280000,0x00000000f5900000)
 ParOldGen       total 1377792K, used 1377354K [0x0000000081e00000, 0x00000000d5f80000, 0x00000000d5f80000)
  object space 1377792K, 99% used [0x0000000081e00000,0x00000000d5f12a80,0x00000000d5f80000)
 Metaspace       used 79491K, capacity 82814K, committed 83416K, reserved 1122304K
  class space    used 10303K, capacity 10846K, committed 11008K, reserved 1048576K
Event: 646.683 GC heap after
Heap after GC invocations=198 (full 28):
 PSYoungGen      total 518144K, used 180701K [0x00000000d5f80000, 0x0000000100000000, 0x0000000100000000)
  eden space 347136K, 52% used [0x00000000d5f80000,0x00000000e0ff7428,0x00000000eb280000)
  from space 171008K, 0% used [0x00000000f5900000,0x00000000f5900000,0x0000000100000000)
  to   space 170496K, 0% used [0x00000000eb280000,0x00000000eb280000,0x00000000f5900000)
 ParOldGen       total 1377792K, used 1377354K [0x0000000081e00000, 0x00000000d5f80000, 0x00000000d5f80000)
  object space 1377792K, 99% used [0x0000000081e00000,0x00000000d5f12a80,0x00000000d5f80000)
 Metaspace       used 79491K, capacity 82814K, committed 83416K, reserved 1122304K
  class space    used 10303K, capacity 10846K, committed 11008K, reserved 1048576K
}
Event: 646.865 GC heap before
{Heap before GC invocations=199 (full 29):
 PSYoungGen      total 518144K, used 347136K [0x00000000d5f80000, 0x0000000100000000, 0x0000000100000000)
  eden space 347136K, 100% used [0x00000000d5f80000,0x00000000eb280000,0x00000000eb280000)
  from space 171008K, 0% used [0x00000000f5900000,0x00000000f5900000,0x0000000100000000)
  to   space 170496K, 0% used [0x00000000eb280000,0x00000000eb280000,0x00000000f5900000)
 ParOldGen       total 1377792K, used 1377354K [0x0000000081e00000, 0x00000000d5f80000, 0x00000000d5f80000)
  object space 1377792K, 99% used [0x0000000081e00000,0x00000000d5f12a80,0x00000000d5f80000)
 Metaspace       used 79491K, capacity 82814K, committed 83416K, reserved 1122304K
  class space    used 10303K, capacity 10846K, committed 11008K, reserved 1048576K
Event: 648.172 GC heap after
Heap after GC invocations=199 (full 29):
 PSYoungGen      total 518144K, used 184533K [0x00000000d5f80000, 0x0000000100000000, 0x0000000100000000)
  eden space 347136K, 53% used [0x00000000d5f80000,0x00000000e13b5588,0x00000000eb280000)
  from space 171008K, 0% used [0x00000000f5900000,0x00000000f5900000,0x0000000100000000)
  to   space 170496K, 0% used [0x00000000eb280000,0x00000000eb280000,0x00000000f5900000)
 ParOldGen       total 1377792K, used 1377354K [0x0000000081e00000, 0x00000000d5f80000, 0x00000000d5f80000)
  object space 1377792K, 99% used [0x0000000081e00000,0x00000000d5f12a60,0x00000000d5f80000)
 Metaspace       used 79491K, capacity 82814K, committed 83416K, reserved 1122304K
  class space    used 10303K, capacity 10846K, committed 11008K, reserved 1048576K
}
Event: 648.439 GC heap before
{Heap before GC invocations=200 (full 30):
 PSYoungGen      total 518144K, used 347136K [0x00000000d5f80000, 0x0000000100000000, 0x0000000100000000)
  eden space 347136K, 100% used [0x00000000d5f80000,0x00000000eb280000,0x00000000eb280000)
  from space 171008K, 0% used [0x00000000f5900000,0x00000000f5900000,0x0000000100000000)
  to   space 170496K, 0% used [0x00000000eb280000,0x00000000eb280000,0x00000000f5900000)
 ParOldGen       total 1377792K, used 1377354K [0x0000000081e00000, 0x00000000d5f80000, 0x00000000d5f80000)
  object space 1377792K, 99% used [0x0000000081e00000,0x00000000d5f12a60,0x00000000d5f80000)
 Metaspace       used 79491K, capacity 82814K, committed 83416K, reserved 1122304K
  class space    used 10303K, capacity 10846K, committed 11008K, reserved 1048576K
Event: 649.571 GC heap after
Heap after GC invocations=200 (full 30):
 PSYoungGen      total 518144K, used 188285K [0x00000000d5f80000, 0x0000000100000000, 0x0000000100000000)
  eden space 347136K, 54% used [0x00000000d5f80000,0x00000000e175f5d0,0x00000000eb280000)
  from space 171008K, 0% used [0x00000000f5900000,0x00000000f5900000,0x0000000100000000)
  to   space 170496K, 0% used [0x00000000eb280000,0x00000000eb280000,0x00000000f5900000)
 ParOldGen       total 1377792K, used 1377354K [0x0000000081e00000, 0x00000000d5f80000, 0x00000000d5f80000)
  object space 1377792K, 99% used [0x0000000081e00000,0x00000000d5f12850,0x00000000d5f80000)
 Metaspace       used 79491K, capacity 82814K, committed 83416K, reserved 1122304K
  class space    used 10303K, capacity 10846K, committed 11008K, reserved 1048576K
}
Event: 649.741 GC heap before
{Heap before GC invocations=201 (full 31):
 PSYoungGen      total 518144K, used 347136K [0x00000000d5f80000, 0x0000000100000000, 0x0000000100000000)
  eden space 347136K, 100% used [0x00000000d5f80000,0x00000000eb280000,0x00000000eb280000)
  from space 171008K, 0% used [0x00000000f5900000,0x00000000f5900000,0x0000000100000000)
  to   space 170496K, 0% used [0x00000000eb280000,0x00000000eb280000,0x00000000f5900000)
 ParOldGen       total 1377792K, used 1377354K [0x0000000081e00000, 0x00000000d5f80000, 0x00000000d5f80000)
  object space 1377792K, 99% used [0x0000000081e00000,0x00000000d5f12850,0x00000000d5f80000)
 Metaspace       used 79491K, capacity 82814K, committed 83416K, reserved 1122304K
  class space    used 10303K, capacity 10846K, committed 11008K, reserved 1048576K
Event: 650.752 GC heap after
Heap after GC invocations=201 (full 31):
 PSYoungGen      total 518144K, used 191963K [0x00000000d5f80000, 0x0000000100000000, 0x0000000100000000)
  eden space 347136K, 55% used [0x00000000d5f80000,0x00000000e1af6d88,0x00000000eb280000)
  from space 171008K, 0% used [0x00000000f5900000,0x00000000f5900000,0x0000000100000000)
  to   space 170496K, 0% used [0x00000000eb280000,0x00000000eb280000,0x00000000f5900000)
 ParOldGen       total 1377792K, used 1377354K [0x0000000081e00000, 0x00000000d5f80000, 0x00000000d5f80000)
  object space 1377792K, 99% used [0x0000000081e00000,0x00000000d5f12850,0x00000000d5f80000)
 Metaspace       used 79491K, capacity 82814K, committed 83416K, reserved 1122304K
  class space    used 10303K, capacity 10846K, committed 11008K, reserved 1048576K
}
Event: 650.886 GC heap before
{Heap before GC invocations=202 (full 32):
 PSYoungGen      total 518144K, used 347136K [0x00000000d5f80000, 0x0000000100000000, 0x0000000100000000)
  eden space 347136K, 100% used [0x00000000d5f80000,0x00000000eb280000,0x00000000eb280000)
  from space 171008K, 0% used [0x00000000f5900000,0x00000000f5900000,0x0000000100000000)
  to   space 170496K, 0% used [0x00000000eb280000,0x00000000eb280000,0x00000000f5900000)
 ParOldGen       total 1377792K, used 1377354K [0x0000000081e00000, 0x00000000d5f80000, 0x00000000d5f80000)
  object space 1377792K, 99% used [0x0000000081e00000,0x00000000d5f12850,0x00000000d5f80000)
 Metaspace       used 79491K, capacity 82814K, committed 83416K, reserved 1122304K
  class space    used 10303K, capacity 10846K, committed 11008K, reserved 1048576K
Event: 652.007 GC heap after
Heap after GC invocations=202 (full 32):
 PSYoungGen      total 518144K, used 195578K [0x00000000d5f80000, 0x0000000100000000, 0x0000000100000000)
  eden space 347136K, 56% used [0x00000000d5f80000,0x00000000e1e7ebd8,0x00000000eb280000)
  from space 171008K, 0% used [0x00000000f5900000,0x00000000f5900000,0x0000000100000000)
  to   space 170496K, 0% used [0x00000000eb280000,0x00000000eb280000,0x00000000f5900000)
 ParOldGen       total 1377792K, used 1377354K [0x0000000081e00000, 0x00000000d5f80000, 0x00000000d5f80000)
  object space 1377792K, 99% used [0x0000000081e00000,0x00000000d5f12850,0x00000000d5f80000)
 Metaspace       used 79491K, capacity 82814K, committed 83416K, reserved 1122304K
  class space    used 10303K, capacity 10846K, committed 11008K, reserved 1048576K
}

